<?xml version="1.0" encoding="UTF-8"?>
<!-- Generated by org.testng.reporters.JUnitXMLReporter -->
<testsuite ignored="0" hostname="Jishnu" failures="1" tests="3" name="Test" time="66.04" errors="0" timestamp="2023-09-29T18:04:23 IST">
  <testcase classname="AllureReports.Tests" name="logopresence" time="0.139"/>
  <testcase classname="AllureReports.Tests" name="LoginTest" time="6.519">
    <failure type="java.lang.AssertionError" message="expected [nopCommerce demo store] but found [Free and open-source eCommerce platform. ASP.NET Core based shopping cart. - nopCommerce]">
      <![CDATA[java.lang.AssertionError: expected [nopCommerce demo store] but found [Free and open-source eCommerce platform. ASP.NET Core based shopping cart. - nopCommerce]
at AllureReports.Tests.LoginTest(Tests.java:56)
at java.base/java.util.ArrayList.forEach(ArrayList.java:1510)
... Removed 33 stack frames]]>
    </failure>
  </testcase> <!-- LoginTest -->
  <testcase classname="AllureReports.Tests" name="RegistrationTest" time="0.005">
    <skipped/>
  </testcase> <!-- RegistrationTest -->
</testsuite> <!-- Test -->
