<?xml version="1.0" encoding="UTF-8"?>
<!-- Generated by org.testng.reporters.JUnitXMLReporter -->
<testsuite ignored="0" hostname="Jishnu" failures="0" tests="3" name="Default test" time="16.871" errors="0" timestamp="2023-09-28T15:21:04 IST">
  <testcase classname="AllureReports.Tests" name="logopresence" time="0.538"/>
  <testcase classname="AllureReports.Tests" name="LoginTest" time="4.627"/>
  <testcase classname="AllureReports.Tests" name="RegistrationTest" time="0.011">
    <skipped/>
  </testcase> <!-- RegistrationTest -->
</testsuite> <!-- Default test -->
